Wed Jun 29 17:19:05 BST 2011: Creating new db @ C:/Neo4j_database/neostore
Wed Jun 29 17:19:05 BST 2011: Opened [C:/Neo4j_database/nioneo_logical.log.1] clean empty log, version=0
Wed Jun 29 17:19:05 BST 2011: TM new log: tm_tx_log.1
Wed Jun 29 17:19:06 BST 2011: --- CONFIGURATION START ---
Wed Jun 29 17:19:06 BST 2011: Physical mem: 4096MB, Heap size: 123MB
Wed Jun 29 17:19:06 BST 2011: Kernel version: Neo4j - Graph Database Kernel 1.4.M05
Wed Jun 29 17:19:06 BST 2011: Neo4j - Graph Database Kernel 1.4.M05
Wed Jun 29 17:19:06 BST 2011: Operating System: Mac OS X; version: 10.6.8; arch: x86_64; cpus: 4
Wed Jun 29 17:19:06 BST 2011: VM Name: Java HotSpot(TM) 64-Bit Server VM
Wed Jun 29 17:19:06 BST 2011: VM Vendor: Apple Inc.
Wed Jun 29 17:19:06 BST 2011: VM Version: 19.1-b02-334
Wed Jun 29 17:19:06 BST 2011: Boot Class Path: /System/Library/Java/JavaVirtualMachines/1.6.0.jdk/Contents/Classes/jsfd.jar:/System/Library/Java/JavaVirtualMachines/1.6.0.jdk/Contents/Classes/classes.jar:/System/Library/Frameworks/JavaVM.framework/Frameworks/JavaRuntimeSupport.framework/Resources/Java/JavaRuntimeSupport.jar:/System/Library/Java/JavaVirtualMachines/1.6.0.jdk/Contents/Classes/ui.jar:/System/Library/Java/JavaVirtualMachines/1.6.0.jdk/Contents/Classes/laf.jar:/System/Library/Java/JavaVirtualMachines/1.6.0.jdk/Contents/Classes/sunrsasign.jar:/System/Library/Java/JavaVirtualMachines/1.6.0.jdk/Contents/Classes/jsse.jar:/System/Library/Java/JavaVirtualMachines/1.6.0.jdk/Contents/Classes/jce.jar:/System/Library/Java/JavaVirtualMachines/1.6.0.jdk/Contents/Classes/charsets.jar
Wed Jun 29 17:19:06 BST 2011: Class Path: /Users/lwy08/Downloads/neo4j-kernel-1.4.M05.jar:/Users/lwy08/.m2/repository:/Users/lwy08/.m2/repository/javax/transaction/jta/1.1/jta-1.1.jar:/Users/lwy08/Downloads/testing-new-neo4j-traversal-api/build/classes
Wed Jun 29 17:19:06 BST 2011: Library Path: .:/Library/Java/Extensions:/System/Library/Java/Extensions:/usr/lib/java
Wed Jun 29 17:19:06 BST 2011: Garbage Collector: ParNew: [Par Eden Space, Par Survivor Space]
Wed Jun 29 17:19:06 BST 2011: Garbage Collector: ConcurrentMarkSweep: [Par Eden Space, Par Survivor Space, CMS Old Gen, CMS Perm Gen]
Wed Jun 29 17:19:06 BST 2011: VM Arguments: [-Dfile.encoding=UTF-8]
Wed Jun 29 17:19:06 BST 2011: 
Wed Jun 29 17:19:06 BST 2011: create=true
Wed Jun 29 17:19:06 BST 2011: logical_log=C:/Neo4j_database/nioneo_logical.log
Wed Jun 29 17:19:06 BST 2011: neo_store=C:/Neo4j_database/neostore
Wed Jun 29 17:19:06 BST 2011: neostore.nodestore.db.mapped_memory=20M
Wed Jun 29 17:19:06 BST 2011: neostore.propertystore.db.arrays.mapped_memory=130M
Wed Jun 29 17:19:06 BST 2011: neostore.propertystore.db.index.keys.mapped_memory=1M
Wed Jun 29 17:19:06 BST 2011: neostore.propertystore.db.index.mapped_memory=1M
Wed Jun 29 17:19:06 BST 2011: neostore.propertystore.db.mapped_memory=90M
Wed Jun 29 17:19:06 BST 2011: neostore.propertystore.db.strings.mapped_memory=130M
Wed Jun 29 17:19:06 BST 2011: neostore.relationshipstore.db.mapped_memory=100M
Wed Jun 29 17:19:06 BST 2011: node_auto_indexing=false
Wed Jun 29 17:19:06 BST 2011: rebuild_idgenerators_fast=true
Wed Jun 29 17:19:06 BST 2011: relationship_auto_indexing=false
Wed Jun 29 17:19:06 BST 2011: store_dir=C:/Neo4j_database
Wed Jun 29 17:19:06 BST 2011: use_memory_mapped_buffers=true
Wed Jun 29 17:19:06 BST 2011: --- CONFIGURATION END ---
Wed Jun 29 17:19:06 BST 2011: Closed log C:/Neo4j_database/nioneo_logical.log
Wed Jun 29 17:19:06 BST 2011: NeoStore closed
Wed Jun 29 17:19:06 BST 2011: NeoStore closed
Wed Jun 29 17:19:06 BST 2011: TM shutting down
Wed Jun 29 17:19:06 BST 2011: Opened [C:/Neo4j_database/nioneo_logical.log.1] clean empty log, version=0
Wed Jun 29 17:19:06 BST 2011: TM opening log: C:/Neo4j_database/tm_tx_log.1
Wed Jun 29 17:19:06 BST 2011: --- CONFIGURATION START ---
Wed Jun 29 17:19:06 BST 2011: Physical mem: 4096MB, Heap size: 123MB
Wed Jun 29 17:19:06 BST 2011: Kernel version: Neo4j - Graph Database Kernel 1.4.M05
Wed Jun 29 17:19:06 BST 2011: Neo4j - Graph Database Kernel 1.4.M05
Wed Jun 29 17:19:06 BST 2011: Operating System: Mac OS X; version: 10.6.8; arch: x86_64; cpus: 4
Wed Jun 29 17:19:06 BST 2011: VM Name: Java HotSpot(TM) 64-Bit Server VM
Wed Jun 29 17:19:06 BST 2011: VM Vendor: Apple Inc.
Wed Jun 29 17:19:06 BST 2011: VM Version: 19.1-b02-334
Wed Jun 29 17:19:06 BST 2011: Boot Class Path: /System/Library/Java/JavaVirtualMachines/1.6.0.jdk/Contents/Classes/jsfd.jar:/System/Library/Java/JavaVirtualMachines/1.6.0.jdk/Contents/Classes/classes.jar:/System/Library/Frameworks/JavaVM.framework/Frameworks/JavaRuntimeSupport.framework/Resources/Java/JavaRuntimeSupport.jar:/System/Library/Java/JavaVirtualMachines/1.6.0.jdk/Contents/Classes/ui.jar:/System/Library/Java/JavaVirtualMachines/1.6.0.jdk/Contents/Classes/laf.jar:/System/Library/Java/JavaVirtualMachines/1.6.0.jdk/Contents/Classes/sunrsasign.jar:/System/Library/Java/JavaVirtualMachines/1.6.0.jdk/Contents/Classes/jsse.jar:/System/Library/Java/JavaVirtualMachines/1.6.0.jdk/Contents/Classes/jce.jar:/System/Library/Java/JavaVirtualMachines/1.6.0.jdk/Contents/Classes/charsets.jar
Wed Jun 29 17:19:06 BST 2011: Class Path: /Users/lwy08/Downloads/neo4j-kernel-1.4.M05.jar:/Users/lwy08/.m2/repository:/Users/lwy08/.m2/repository/javax/transaction/jta/1.1/jta-1.1.jar:/Users/lwy08/Downloads/testing-new-neo4j-traversal-api/build/classes
Wed Jun 29 17:19:06 BST 2011: Library Path: .:/Library/Java/Extensions:/System/Library/Java/Extensions:/usr/lib/java
Wed Jun 29 17:19:06 BST 2011: Garbage Collector: ParNew: [Par Eden Space, Par Survivor Space]
Wed Jun 29 17:19:06 BST 2011: Garbage Collector: ConcurrentMarkSweep: [Par Eden Space, Par Survivor Space, CMS Old Gen, CMS Perm Gen]
Wed Jun 29 17:19:06 BST 2011: VM Arguments: [-Dfile.encoding=UTF-8]
Wed Jun 29 17:19:06 BST 2011: 
Wed Jun 29 17:19:06 BST 2011: create=true
Wed Jun 29 17:19:06 BST 2011: logical_log=C:/Neo4j_database/nioneo_logical.log
Wed Jun 29 17:19:06 BST 2011: neo_store=C:/Neo4j_database/neostore
Wed Jun 29 17:19:06 BST 2011: neostore.nodestore.db.mapped_memory=20M
Wed Jun 29 17:19:06 BST 2011: neostore.propertystore.db.arrays.mapped_memory=130M
Wed Jun 29 17:19:06 BST 2011: neostore.propertystore.db.index.keys.mapped_memory=1M
Wed Jun 29 17:19:06 BST 2011: neostore.propertystore.db.index.mapped_memory=1M
Wed Jun 29 17:19:06 BST 2011: neostore.propertystore.db.mapped_memory=90M
Wed Jun 29 17:19:06 BST 2011: neostore.propertystore.db.strings.mapped_memory=130M
Wed Jun 29 17:19:06 BST 2011: neostore.relationshipstore.db.mapped_memory=100M
Wed Jun 29 17:19:06 BST 2011: node_auto_indexing=false
Wed Jun 29 17:19:06 BST 2011: rebuild_idgenerators_fast=true
Wed Jun 29 17:19:06 BST 2011: relationship_auto_indexing=false
Wed Jun 29 17:19:06 BST 2011: store_dir=C:/Neo4j_database
Wed Jun 29 17:19:06 BST 2011: use_memory_mapped_buffers=true
Wed Jun 29 17:19:06 BST 2011: --- CONFIGURATION END ---
Wed Jun 29 17:19:06 BST 2011: Closed log C:/Neo4j_database/nioneo_logical.log
Wed Jun 29 17:19:06 BST 2011: NeoStore closed
Wed Jun 29 17:19:06 BST 2011: NeoStore closed
Wed Jun 29 17:19:06 BST 2011: TM shutting down
