setting 'ivy.default.settings.dir' to 'jar:file:/Users/lwy08/bin/sbt-launch.jar!/org/apache/ivy/core/settings'
setting 'ivy.basedir' to '/Users/lwy08/Documents/evandrix.github.com/go/jgo/.'
setting 'ivy.default.conf.dir' to 'jar:file:/Users/lwy08/bin/sbt-launch.jar!/org/apache/ivy/core/settings'
impossible to define new type: class not found: org.apache.ivy.plugins.version.PatternVersionMatcher in [] nor Ivy classloader
impossible to define new type: class not found: org.apache.ivy.plugins.trigger.LogTrigger in [] nor Ivy classloader
impossible to define new type: class not found: org.apache.ivy.plugins.resolver.DualResolver in [] nor Ivy classloader
impossible to define new type: class not found: org.apache.ivy.plugins.resolver.VsftpResolver in [] nor Ivy classloader
impossible to define new type: class not found: org.apache.ivy.plugins.conflict.RegexpConflictManager in [] nor Ivy classloader
impossible to define new type: class not found: org.apache.ivy.plugins.resolver.SshResolver in [] nor Ivy classloader
impossible to define new type: class not found: org.apache.ivy.plugins.resolver.VfsResolver in [] nor Ivy classloader
impossible to define new type: class not found: org.apache.ivy.plugins.signer.bouncycastle.OpenPGPSignatureGenerator in [] nor Ivy classloader
impossible to define new type: class not found: org.apache.ivy.plugins.resolver.SFTPResolver in [] nor Ivy classloader
impossible to define new type: class not found: org.apache.ivy.plugins.resolver.packager.PackagerResolver in [] nor Ivy classloader
impossible to define new type: class not found: org.apache.ivy.ant.AntCallTrigger in [] nor Ivy classloader
impossible to define new type: class not found: org.apache.ivy.plugins.resolver.IvyRepResolver in [] nor Ivy classloader
impossible to define new type: class not found: org.apache.ivy.ant.AntBuildTrigger in [] nor Ivy classloader
impossible to define glob matcher: org.apache.ivy.plugins.matcher.GlobPatternMatcher was not found.
setting 'java.runtime.name' to 'Java(TM) SE Runtime Environment'
setting 'sun.boot.library.path' to '/System/Library/Java/JavaVirtualMachines/1.6.0.jdk/Contents/Libraries'
setting 'java.vm.version' to '20.1-b02-384'
setting 'awt.nativeDoubleBuffering' to 'true'
setting 'gopherProxySet' to 'false'
setting 'mrj.build' to '10M3425'
setting 'java.vm.vendor' to 'Apple Inc.'
setting 'java.vendor.url' to 'http://www.apple.com/'
setting 'path.separator' to ':'
setting 'java.vm.name' to 'Java HotSpot(TM) 64-Bit Server VM'
setting 'file.encoding.pkg' to 'sun.io'
setting 'sun.java.launcher' to 'SUN_STANDARD'
setting 'user.country' to 'US'
setting 'sun.os.patch.level' to 'unknown'
setting 'java.vm.specification.name' to 'Java Virtual Machine Specification'
setting 'user.dir' to '/Users/lwy08/Documents/evandrix.github.com/go/jgo'
setting 'java.runtime.version' to '1.6.0_26-b03-384-10M3425'
setting 'java.awt.graphicsenv' to 'apple.awt.CGraphicsEnvironment'
setting 'java.endorsed.dirs' to '/System/Library/Java/JavaVirtualMachines/1.6.0.jdk/Contents/Home/lib/endorsed'
setting 'os.arch' to 'x86_64'
setting 'java.io.tmpdir' to '/var/folders/BY/BYmI13LMHYaONvQX-pUyT++++TQ/-Tmp-/'
setting 'line.separator' to '
'
setting 'java.vm.specification.vendor' to 'Sun Microsystems Inc.'
setting 'os.name' to 'Mac OS X'
setting 'sun.jnu.encoding' to 'MacRoman'
setting 'java.library.path' to '.:/Library/Java/Extensions:/System/Library/Java/Extensions:/usr/lib/java'
setting 'java.specification.name' to 'Java Platform API Specification'
setting 'java.class.version' to '50.0'
setting 'sun.management.compiler' to 'HotSpot 64-Bit Tiered Compilers'
setting 'os.version' to '10.6.8'
setting 'user.home' to '/Users/lwy08'
setting 'user.timezone' to 'Europe/London'
setting 'java.awt.printerjob' to 'apple.awt.CPrinterJob'
setting 'file.encoding' to 'MacRoman'
setting 'java.specification.version' to '1.6'
setting 'java.class.path' to '/Users/lwy08/bin/sbt-launch.jar'
setting 'user.name' to 'lwy08'
setting 'java.vm.specification.version' to '1.0'
setting 'sun.java.command' to '/Users/lwy08/bin/sbt-launch.jar'
setting 'java.home' to '/System/Library/Java/JavaVirtualMachines/1.6.0.jdk/Contents/Home'
setting 'sun.arch.data.model' to '64'
setting 'user.language' to 'en'
setting 'java.specification.vendor' to 'Sun Microsystems Inc.'
setting 'awt.toolkit' to 'apple.awt.CToolkit'
setting 'java.vm.info' to 'mixed mode'
setting 'java.version' to '1.6.0_26'
setting 'java.ext.dirs' to '/Library/Java/Extensions:/System/Library/Java/Extensions:/System/Library/Java/JavaVirtualMachines/1.6.0.jdk/Contents/Home/lib/ext'
setting 'sun.boot.class.path' to '/System/Library/Java/JavaVirtualMachines/1.6.0.jdk/Contents/Classes/jsfd.jar:/System/Library/Java/JavaVirtualMachines/1.6.0.jdk/Contents/Classes/classes.jar:/System/Library/Frameworks/JavaVM.framework/Frameworks/JavaRuntimeSupport.framework/Resources/Java/JavaRuntimeSupport.jar:/System/Library/Java/JavaVirtualMachines/1.6.0.jdk/Contents/Classes/ui.jar:/System/Library/Java/JavaVirtualMachines/1.6.0.jdk/Contents/Classes/laf.jar:/System/Library/Java/JavaVirtualMachines/1.6.0.jdk/Contents/Classes/sunrsasign.jar:/System/Library/Java/JavaVirtualMachines/1.6.0.jdk/Contents/Classes/jsse.jar:/System/Library/Java/JavaVirtualMachines/1.6.0.jdk/Contents/Classes/jce.jar:/System/Library/Java/JavaVirtualMachines/1.6.0.jdk/Contents/Classes/charsets.jar'
setting 'java.vendor' to 'Apple Inc.'
setting 'file.separator' to '/'
setting 'java.vendor.url.bug' to 'http://bugreport.apple.com/'
setting 'sun.io.unicode.encoding' to 'UnicodeLittle'
setting 'sun.cpu.endian' to 'little'
setting 'mrj.version' to '1060.1.6.0_26-384'
setting 'sun.cpu.isalist' to ''
setting 'ivy.default.ivy.user.dir' to '/Users/lwy08/.ivy2'
setting 'ivy.home' to '/Users/lwy08/.ivy2'
setting 'ivy.cache.dir' to '/Users/lwy08/.ivy2/cache'
no default cache defined: set to /Users/lwy08/.ivy2/cache
setting 'ivy.checksums' to 'sha1,md5'
setting 'ivy.basedir' to '/Users/lwy08/Documents/evandrix.github.com/go/jgo/project/boot'
setting 'basedir' to '/Users/lwy08/Documents/evandrix.github.com/go/jgo/project/boot'
setting 'scala' to '2.8.1'
:: resolving dependencies :: org.scala-tools.sbt#boot-app;1.0
	confs: [default]
	validate = true
	refresh = false
resolving dependencies for configuration 'default'
== resolving dependencies for org.scala-tools.sbt#boot-app;1.0 [default]
loadData of org.scala-tools.sbt#boot-app;1.0 of rootConf=default
== resolving dependencies org.scala-tools.sbt#boot-app;1.0->org.scala-tools.sbt#sbt_2.8.1;0.7.7 [default->default(compile)]
loadData of org.scala-tools.sbt#sbt_2.8.1;0.7.7 of rootConf=default
	using redefined-public to resolve org.scala-tools.sbt#sbt_2.8.1;0.7.7
redefined-public: Checking cache for: dependency: org.scala-tools.sbt#sbt_2.8.1;0.7.7 {default=[default(compile)]}
redefined-public: no namespace defined: using system
	no ivy file in cache for org.scala-tools.sbt#sbt_2.8.1;0.7.7: tried /Users/lwy08/.ivy2/cache/org.scala-tools.sbt/sbt_2.8.1/ivy-0.7.7.xml
redefined-public: no latest strategy defined: using default
local: no namespace defined: using system
	no ivy file in cache for org.scala-tools.sbt#sbt_2.8.1;0.7.7: tried /Users/lwy08/.ivy2/cache/org.scala-tools.sbt/sbt_2.8.1/ivy-0.7.7.xml
	 trying /Users/lwy08/.ivy2/local/org.scala-tools.sbt/sbt_2.8.1/0.7.7/ivys/ivy.xml
		tried /Users/lwy08/.ivy2/local/org.scala-tools.sbt/sbt_2.8.1/0.7.7/ivys/ivy.xml
	local: resource not reachable for org.scala-tools.sbt#sbt_2.8.1;0.7.7: res=/Users/lwy08/.ivy2/local/org.scala-tools.sbt/sbt_2.8.1/0.7.7/ivys/ivy.xml
	 trying /Users/lwy08/.ivy2/local/org.scala-tools.sbt/sbt_2.8.1/0.7.7/jars/sbt_2.8.1.jar
		tried /Users/lwy08/.ivy2/local/org.scala-tools.sbt/sbt_2.8.1/0.7.7/jars/sbt_2.8.1.jar
	local: resource not reachable for org.scala-tools.sbt#sbt_2.8.1;0.7.7: res=/Users/lwy08/.ivy2/local/org.scala-tools.sbt/sbt_2.8.1/0.7.7/jars/sbt_2.8.1.jar
	local: no ivy file nor artifact found for org.scala-tools.sbt#sbt_2.8.1;0.7.7
Maven2 Local: no namespace defined: using system
	no ivy file in cache for org.scala-tools.sbt#sbt_2.8.1;0.7.7: tried /Users/lwy08/.ivy2/cache/org.scala-tools.sbt/sbt_2.8.1/ivy-0.7.7.xml
	 trying file:///Users/lwy08/.m2/repository/org/scala-tools/sbt/sbt_2.8.1/0.7.7/sbt_2.8.1-0.7.7.pom
		tried file:///Users/lwy08/.m2/repository/org/scala-tools/sbt/sbt_2.8.1/0.7.7/sbt_2.8.1-0.7.7.pom
	Maven2 Local: resource not reachable for org/scala-tools/sbt#sbt_2.8.1;0.7.7: res=file:/Users/lwy08/.m2/repository/org/scala-tools/sbt/sbt_2.8.1/0.7.7/sbt_2.8.1-0.7.7.pom
	 trying file:///Users/lwy08/.m2/repository/org/scala-tools/sbt/sbt_2.8.1/0.7.7/sbt_2.8.1-0.7.7.jar
		tried file:///Users/lwy08/.m2/repository/org/scala-tools/sbt/sbt_2.8.1/0.7.7/sbt_2.8.1-0.7.7.jar
	Maven2 Local: resource not reachable for org/scala-tools/sbt#sbt_2.8.1;0.7.7: res=file:/Users/lwy08/.m2/repository/org/scala-tools/sbt/sbt_2.8.1/0.7.7/sbt_2.8.1-0.7.7.jar
	Maven2 Local: no ivy file nor artifact found for org.scala-tools.sbt#sbt_2.8.1;0.7.7
typesafe-ivy-releases: no namespace defined: using system
	no ivy file in cache for org.scala-tools.sbt#sbt_2.8.1;0.7.7: tried /Users/lwy08/.ivy2/cache/org.scala-tools.sbt/sbt_2.8.1/ivy-0.7.7.xml
	 trying http://repo.typesafe.com/typesafe/ivy-releases/org.scala-tools.sbt/sbt_2.8.1/0.7.7/ivys/ivy.xml
		tried http://repo.typesafe.com/typesafe/ivy-releases/org.scala-tools.sbt/sbt_2.8.1/0.7.7/ivys/ivy.xml
HTTP response status: 404 url=http://repo.typesafe.com/typesafe/ivy-releases/org.scala-tools.sbt/sbt_2.8.1/0.7.7/ivys/ivy.xml
CLIENT ERROR: Not Found url=http://repo.typesafe.com/typesafe/ivy-releases/org.scala-tools.sbt/sbt_2.8.1/0.7.7/ivys/ivy.xml
	typesafe-ivy-releases: resource not reachable for org.scala-tools.sbt#sbt_2.8.1;0.7.7: res=http://repo.typesafe.com/typesafe/ivy-releases/org.scala-tools.sbt/sbt_2.8.1/0.7.7/ivys/ivy.xml
	 trying http://repo.typesafe.com/typesafe/ivy-releases/org.scala-tools.sbt/sbt_2.8.1/0.7.7/jars/sbt_2.8.1.jar
		tried http://repo.typesafe.com/typesafe/ivy-releases/org.scala-tools.sbt/sbt_2.8.1/0.7.7/jars/sbt_2.8.1.jar
HTTP response status: 404 url=http://repo.typesafe.com/typesafe/ivy-releases/org.scala-tools.sbt/sbt_2.8.1/0.7.7/jars/sbt_2.8.1.jar
CLIENT ERROR: Not Found url=http://repo.typesafe.com/typesafe/ivy-releases/org.scala-tools.sbt/sbt_2.8.1/0.7.7/jars/sbt_2.8.1.jar
	typesafe-ivy-releases: resource not reachable for org.scala-tools.sbt#sbt_2.8.1;0.7.7: res=http://repo.typesafe.com/typesafe/ivy-releases/org.scala-tools.sbt/sbt_2.8.1/0.7.7/jars/sbt_2.8.1.jar
	typesafe-ivy-releases: no ivy file nor artifact found for org.scala-tools.sbt#sbt_2.8.1;0.7.7
Maven Central: no namespace defined: using system
	no ivy file in cache for org.scala-tools.sbt#sbt_2.8.1;0.7.7: tried /Users/lwy08/.ivy2/cache/org.scala-tools.sbt/sbt_2.8.1/ivy-0.7.7.xml
	 trying http://repo1.maven.org/maven2/org/scala-tools/sbt/sbt_2.8.1/0.7.7/sbt_2.8.1-0.7.7.pom
		tried http://repo1.maven.org/maven2/org/scala-tools/sbt/sbt_2.8.1/0.7.7/sbt_2.8.1-0.7.7.pom
HTTP response status: 404 url=http://repo1.maven.org/maven2/org/scala-tools/sbt/sbt_2.8.1/0.7.7/sbt_2.8.1-0.7.7.pom
CLIENT ERROR: Not Found url=http://repo1.maven.org/maven2/org/scala-tools/sbt/sbt_2.8.1/0.7.7/sbt_2.8.1-0.7.7.pom
	Maven Central: resource not reachable for org/scala-tools/sbt#sbt_2.8.1;0.7.7: res=http://repo1.maven.org/maven2/org/scala-tools/sbt/sbt_2.8.1/0.7.7/sbt_2.8.1-0.7.7.pom
	 trying http://repo1.maven.org/maven2/org/scala-tools/sbt/sbt_2.8.1/0.7.7/sbt_2.8.1-0.7.7.jar
		tried http://repo1.maven.org/maven2/org/scala-tools/sbt/sbt_2.8.1/0.7.7/sbt_2.8.1-0.7.7.jar
HTTP response status: 404 url=http://repo1.maven.org/maven2/org/scala-tools/sbt/sbt_2.8.1/0.7.7/sbt_2.8.1-0.7.7.jar
CLIENT ERROR: Not Found url=http://repo1.maven.org/maven2/org/scala-tools/sbt/sbt_2.8.1/0.7.7/sbt_2.8.1-0.7.7.jar
	Maven Central: resource not reachable for org/scala-tools/sbt#sbt_2.8.1;0.7.7: res=http://repo1.maven.org/maven2/org/scala-tools/sbt/sbt_2.8.1/0.7.7/sbt_2.8.1-0.7.7.jar
	Maven Central: no ivy file nor artifact found for org.scala-tools.sbt#sbt_2.8.1;0.7.7
Scala-Tools Maven2 Repository: no namespace defined: using system
	no ivy file in cache for org.scala-tools.sbt#sbt_2.8.1;0.7.7: tried /Users/lwy08/.ivy2/cache/org.scala-tools.sbt/sbt_2.8.1/ivy-0.7.7.xml
	 trying http://scala-tools.org/repo-releases/org/scala-tools/sbt/sbt_2.8.1/0.7.7/sbt_2.8.1-0.7.7.pom
		tried http://scala-tools.org/repo-releases/org/scala-tools/sbt/sbt_2.8.1/0.7.7/sbt_2.8.1-0.7.7.pom
HTTP response status: 404 url=http://scala-tools.org/repo-releases/org/scala-tools/sbt/sbt_2.8.1/0.7.7/sbt_2.8.1-0.7.7.pom
CLIENT ERROR: Not Found url=http://scala-tools.org/repo-releases/org/scala-tools/sbt/sbt_2.8.1/0.7.7/sbt_2.8.1-0.7.7.pom
	Scala-Tools Maven2 Repository: resource not reachable for org/scala-tools/sbt#sbt_2.8.1;0.7.7: res=http://scala-tools.org/repo-releases/org/scala-tools/sbt/sbt_2.8.1/0.7.7/sbt_2.8.1-0.7.7.pom
	 trying http://scala-tools.org/repo-releases/org/scala-tools/sbt/sbt_2.8.1/0.7.7/sbt_2.8.1-0.7.7.jar
		tried http://scala-tools.org/repo-releases/org/scala-tools/sbt/sbt_2.8.1/0.7.7/sbt_2.8.1-0.7.7.jar
HTTP response status: 404 url=http://scala-tools.org/repo-releases/org/scala-tools/sbt/sbt_2.8.1/0.7.7/sbt_2.8.1-0.7.7.jar
CLIENT ERROR: Not Found url=http://scala-tools.org/repo-releases/org/scala-tools/sbt/sbt_2.8.1/0.7.7/sbt_2.8.1-0.7.7.jar
	Scala-Tools Maven2 Repository: resource not reachable for org/scala-tools/sbt#sbt_2.8.1;0.7.7: res=http://scala-tools.org/repo-releases/org/scala-tools/sbt/sbt_2.8.1/0.7.7/sbt_2.8.1-0.7.7.jar
	Scala-Tools Maven2 Repository: no ivy file nor artifact found for org.scala-tools.sbt#sbt_2.8.1;0.7.7
Scala-Tools Maven2 Snapshots Repository: no namespace defined: using system
	no ivy file in cache for org.scala-tools.sbt#sbt_2.8.1;0.7.7: tried /Users/lwy08/.ivy2/cache/org.scala-tools.sbt/sbt_2.8.1/ivy-0.7.7.xml
	 trying http://scala-tools.org/repo-snapshots/org/scala-tools/sbt/sbt_2.8.1/0.7.7/sbt_2.8.1-0.7.7.pom
		tried http://scala-tools.org/repo-snapshots/org/scala-tools/sbt/sbt_2.8.1/0.7.7/sbt_2.8.1-0.7.7.pom
HTTP response status: 404 url=http://scala-tools.org/repo-snapshots/org/scala-tools/sbt/sbt_2.8.1/0.7.7/sbt_2.8.1-0.7.7.pom
CLIENT ERROR: Not Found url=http://scala-tools.org/repo-snapshots/org/scala-tools/sbt/sbt_2.8.1/0.7.7/sbt_2.8.1-0.7.7.pom
	Scala-Tools Maven2 Snapshots Repository: resource not reachable for org/scala-tools/sbt#sbt_2.8.1;0.7.7: res=http://scala-tools.org/repo-snapshots/org/scala-tools/sbt/sbt_2.8.1/0.7.7/sbt_2.8.1-0.7.7.pom
	 trying http://scala-tools.org/repo-snapshots/org/scala-tools/sbt/sbt_2.8.1/0.7.7/sbt_2.8.1-0.7.7.jar
		tried http://scala-tools.org/repo-snapshots/org/scala-tools/sbt/sbt_2.8.1/0.7.7/sbt_2.8.1-0.7.7.jar
HTTP response status: 404 url=http://scala-tools.org/repo-snapshots/org/scala-tools/sbt/sbt_2.8.1/0.7.7/sbt_2.8.1-0.7.7.jar
CLIENT ERROR: Not Found url=http://scala-tools.org/repo-snapshots/org/scala-tools/sbt/sbt_2.8.1/0.7.7/sbt_2.8.1-0.7.7.jar
	Scala-Tools Maven2 Snapshots Repository: resource not reachable for org/scala-tools/sbt#sbt_2.8.1;0.7.7: res=http://scala-tools.org/repo-snapshots/org/scala-tools/sbt/sbt_2.8.1/0.7.7/sbt_2.8.1-0.7.7.jar
	Scala-Tools Maven2 Snapshots Repository: no ivy file nor artifact found for org.scala-tools.sbt#sbt_2.8.1;0.7.7
WARN: 	module not found: org.scala-tools.sbt#sbt_2.8.1;0.7.7
WARN: ==== local: tried
WARN:   /Users/lwy08/.ivy2/local/org.scala-tools.sbt/sbt_2.8.1/0.7.7/ivys/ivy.xml
WARN:   -- artifact org.scala-tools.sbt#sbt_2.8.1;0.7.7!sbt_2.8.1.jar:
WARN:   /Users/lwy08/.ivy2/local/org.scala-tools.sbt/sbt_2.8.1/0.7.7/jars/sbt_2.8.1.jar
WARN: ==== Maven2 Local: tried
WARN:   file:///Users/lwy08/.m2/repository/org/scala-tools/sbt/sbt_2.8.1/0.7.7/sbt_2.8.1-0.7.7.pom
WARN:   -- artifact org.scala-tools.sbt#sbt_2.8.1;0.7.7!sbt_2.8.1.jar:
WARN:   file:///Users/lwy08/.m2/repository/org/scala-tools/sbt/sbt_2.8.1/0.7.7/sbt_2.8.1-0.7.7.jar
WARN: ==== typesafe-ivy-releases: tried
WARN:   http://repo.typesafe.com/typesafe/ivy-releases/org.scala-tools.sbt/sbt_2.8.1/0.7.7/ivys/ivy.xml
WARN:   -- artifact org.scala-tools.sbt#sbt_2.8.1;0.7.7!sbt_2.8.1.jar:
WARN:   http://repo.typesafe.com/typesafe/ivy-releases/org.scala-tools.sbt/sbt_2.8.1/0.7.7/jars/sbt_2.8.1.jar
WARN: ==== Maven Central: tried
WARN:   http://repo1.maven.org/maven2/org/scala-tools/sbt/sbt_2.8.1/0.7.7/sbt_2.8.1-0.7.7.pom
WARN:   -- artifact org.scala-tools.sbt#sbt_2.8.1;0.7.7!sbt_2.8.1.jar:
WARN:   http://repo1.maven.org/maven2/org/scala-tools/sbt/sbt_2.8.1/0.7.7/sbt_2.8.1-0.7.7.jar
WARN: ==== Scala-Tools Maven2 Repository: tried
WARN:   http://scala-tools.org/repo-releases/org/scala-tools/sbt/sbt_2.8.1/0.7.7/sbt_2.8.1-0.7.7.pom
WARN:   -- artifact org.scala-tools.sbt#sbt_2.8.1;0.7.7!sbt_2.8.1.jar:
WARN:   http://scala-tools.org/repo-releases/org/scala-tools/sbt/sbt_2.8.1/0.7.7/sbt_2.8.1-0.7.7.jar
WARN: ==== Scala-Tools Maven2 Snapshots Repository: tried
WARN:   http://scala-tools.org/repo-snapshots/org/scala-tools/sbt/sbt_2.8.1/0.7.7/sbt_2.8.1-0.7.7.pom
WARN:   -- artifact org.scala-tools.sbt#sbt_2.8.1;0.7.7!sbt_2.8.1.jar:
WARN:   http://scala-tools.org/repo-snapshots/org/scala-tools/sbt/sbt_2.8.1/0.7.7/sbt_2.8.1-0.7.7.jar
Nbr of module to sort : 0
	resolved ivy file produced in /Users/lwy08/.ivy2/cache/resolved-org.scala-tools.sbt-boot-app-1.0.xml
:: downloading artifacts ::
:: resolution report :: resolve 3464ms :: artifacts dl 1ms
WARN: 	::::::::::::::::::::::::::::::::::::::::::::::
WARN: 	::          UNRESOLVED DEPENDENCIES         ::
WARN: 	::::::::::::::::::::::::::::::::::::::::::::::
WARN: 	:: org.scala-tools.sbt#sbt_2.8.1;0.7.7: not found
WARN: 	::::::::::::::::::::::::::::::::::::::::::::::

Nbr of module to sort : 0
	report for org.scala-tools.sbt#boot-app;1.0 default produced in /Users/lwy08/.ivy2/cache/org.scala-tools.sbt-boot-app-default.xml
	resolve done (3464ms resolve - 1ms download)

:: problems summary ::
:::: WARNINGS
		module not found: org.scala-tools.sbt#sbt_2.8.1;0.7.7

	==== local: tried

	  /Users/lwy08/.ivy2/local/org.scala-tools.sbt/sbt_2.8.1/0.7.7/ivys/ivy.xml

	  -- artifact org.scala-tools.sbt#sbt_2.8.1;0.7.7!sbt_2.8.1.jar:

	  /Users/lwy08/.ivy2/local/org.scala-tools.sbt/sbt_2.8.1/0.7.7/jars/sbt_2.8.1.jar

	==== Maven2 Local: tried

	  file:///Users/lwy08/.m2/repository/org/scala-tools/sbt/sbt_2.8.1/0.7.7/sbt_2.8.1-0.7.7.pom

	  -- artifact org.scala-tools.sbt#sbt_2.8.1;0.7.7!sbt_2.8.1.jar:

	  file:///Users/lwy08/.m2/repository/org/scala-tools/sbt/sbt_2.8.1/0.7.7/sbt_2.8.1-0.7.7.jar

	==== typesafe-ivy-releases: tried

	  http://repo.typesafe.com/typesafe/ivy-releases/org.scala-tools.sbt/sbt_2.8.1/0.7.7/ivys/ivy.xml

	  -- artifact org.scala-tools.sbt#sbt_2.8.1;0.7.7!sbt_2.8.1.jar:

	  http://repo.typesafe.com/typesafe/ivy-releases/org.scala-tools.sbt/sbt_2.8.1/0.7.7/jars/sbt_2.8.1.jar

	==== Maven Central: tried

	  http://repo1.maven.org/maven2/org/scala-tools/sbt/sbt_2.8.1/0.7.7/sbt_2.8.1-0.7.7.pom

	  -- artifact org.scala-tools.sbt#sbt_2.8.1;0.7.7!sbt_2.8.1.jar:

	  http://repo1.maven.org/maven2/org/scala-tools/sbt/sbt_2.8.1/0.7.7/sbt_2.8.1-0.7.7.jar

	==== Scala-Tools Maven2 Repository: tried

	  http://scala-tools.org/repo-releases/org/scala-tools/sbt/sbt_2.8.1/0.7.7/sbt_2.8.1-0.7.7.pom

	  -- artifact org.scala-tools.sbt#sbt_2.8.1;0.7.7!sbt_2.8.1.jar:

	  http://scala-tools.org/repo-releases/org/scala-tools/sbt/sbt_2.8.1/0.7.7/sbt_2.8.1-0.7.7.jar

	==== Scala-Tools Maven2 Snapshots Repository: tried

	  http://scala-tools.org/repo-snapshots/org/scala-tools/sbt/sbt_2.8.1/0.7.7/sbt_2.8.1-0.7.7.pom

	  -- artifact org.scala-tools.sbt#sbt_2.8.1;0.7.7!sbt_2.8.1.jar:

	  http://scala-tools.org/repo-snapshots/org/scala-tools/sbt/sbt_2.8.1/0.7.7/sbt_2.8.1-0.7.7.jar

		::::::::::::::::::::::::::::::::::::::::::::::

		::          UNRESOLVED DEPENDENCIES         ::

		::::::::::::::::::::::::::::::::::::::::::::::

		:: org.scala-tools.sbt#sbt_2.8.1;0.7.7: not found

		::::::::::::::::::::::::::::::::::::::::::::::



:: USE VERBOSE OR DEBUG MESSAGE LEVEL FOR MORE DETAILS
java.lang.RuntimeException: not found
	at org.apache.ivy.core.resolve.IvyNode.loadData(IvyNode.java:237)
	at org.apache.ivy.core.resolve.VisitNode.loadData(VisitNode.java:287)
	at org.apache.ivy.core.resolve.ResolveEngine.fetchDependencies(ResolveEngine.java:696)
	at org.apache.ivy.core.resolve.ResolveEngine.doFetchDependencies(ResolveEngine.java:781)
	at org.apache.ivy.core.resolve.ResolveEngine.fetchDependencies(ResolveEngine.java:704)
	at org.apache.ivy.core.resolve.ResolveEngine.getDependencies(ResolveEngine.java:576)
	at org.apache.ivy.core.resolve.ResolveEngine.resolve(ResolveEngine.java:237)
	at xsbt.boot.Update.xsbt$boot$Update$$lockedApply(Pre.scala:83)
	at xsbt.boot.Update$$anon$3.call(Update.scala:77)
	at xsbt.boot.Locks$GlobalLock.withChannel$1(Locks.scala:69)
	at xsbt.boot.Locks$GlobalLock$$anonfun$withFileLock$1.apply(Locks.scala:73)
	at xsbt.boot.Using$.withResource(Using.scala:11)
	at xsbt.boot.Using$.apply(Using.scala:10)
	at xsbt.boot.Locks$GlobalLock.liftedTree1$1(Locks.scala:51)
	at xsbt.boot.Locks$GlobalLock.withLock(Locks.scala:51)
	at xsbt.boot.Locks$.apply0(Locks.scala:30)
	at xsbt.boot.Locks$.apply(Locks.scala:27)
	at xsbt.boot.Update.apply(Pre.scala:78)
	at xsbt.boot.Provider$initialize.call(Provider.scala:34)
	at xsbt.boot.Locks$GlobalLock.withChannel$1(Locks.scala:69)
	at xsbt.boot.Locks$GlobalLock$$anonfun$withFileLock$1.apply(Locks.scala:73)
	at xsbt.boot.Using$.withResource(Using.scala:11)
	at xsbt.boot.Using$.apply(Using.scala:10)
	at xsbt.boot.Locks$GlobalLock.liftedTree1$1(Locks.scala:51)
	at xsbt.boot.Locks$GlobalLock.withLock(Locks.scala:51)
	at xsbt.boot.Locks$.apply0(Locks.scala:30)
	at xsbt.boot.Locks$.apply(Locks.scala:27)
	at scala.collection.Iterable$class.$init$(Proxy.scala:32)
	at xsbt.boot.Launch$ScalaProvider$AppProvider.<init>(Launch.scala:127)
	at xsbt.boot.Launch$ScalaProvider.app(Launch.scala:125)
	at xsbt.boot.Launch$.run(Launch.scala:50)
	at xsbt.boot.Launch$$anonfun$explicit$1.apply(Launch.scala:43)
	at xsbt.boot.Launch$.launch(Launch.scala:68)
	at xsbt.boot.Launch$.apply(Launch.scala:14)
	at xsbt.boot.Boot$.runImpl(Boot.scala:24)
	at xsbt.boot.Boot$.main(Boot.scala:15)
	at xsbt.boot.Boot.main(Boot.scala)
Error during sbt execution: Error retrieving required libraries
	at xsbt.boot.Pre$.error(Pre.scala:19)
	at xsbt.boot.Update.xsbt$boot$Update$$lockedApply(Pre.scala:83)
	at xsbt.boot.Update$$anon$3.call(Update.scala:77)
	at xsbt.boot.Locks$GlobalLock.withChannel$1(Locks.scala:69)
	at xsbt.boot.Locks$GlobalLock$$anonfun$withFileLock$1.apply(Locks.scala:73)
	at xsbt.boot.Using$.withResource(Using.scala:11)
	at xsbt.boot.Using$.apply(Using.scala:10)
	at xsbt.boot.Locks$GlobalLock.liftedTree1$1(Locks.scala:51)
	at xsbt.boot.Locks$GlobalLock.withLock(Locks.scala:51)
	at xsbt.boot.Locks$.apply0(Locks.scala:30)
	at xsbt.boot.Locks$.apply(Locks.scala:27)
	at xsbt.boot.Update.apply(Pre.scala:78)
	at xsbt.boot.Provider$initialize.call(Provider.scala:34)
	at xsbt.boot.Locks$GlobalLock.withChannel$1(Locks.scala:69)
	at xsbt.boot.Locks$GlobalLock$$anonfun$withFileLock$1.apply(Locks.scala:73)
	at xsbt.boot.Using$.withResource(Using.scala:11)
	at xsbt.boot.Using$.apply(Using.scala:10)
	at xsbt.boot.Locks$GlobalLock.liftedTree1$1(Locks.scala:51)
	at xsbt.boot.Locks$GlobalLock.withLock(Locks.scala:51)
	at xsbt.boot.Locks$.apply0(Locks.scala:30)
	at xsbt.boot.Locks$.apply(Locks.scala:27)
	at scala.collection.Iterable$class.$init$(Proxy.scala:32)
	at xsbt.boot.Launch$ScalaProvider$AppProvider.<init>(Launch.scala:127)
	at xsbt.boot.Launch$ScalaProvider.app(Launch.scala:125)
	at xsbt.boot.Launch$.run(Launch.scala:50)
	at xsbt.boot.Launch$$anonfun$explicit$1.apply(Launch.scala:43)
	at xsbt.boot.Launch$.launch(Launch.scala:68)
	at xsbt.boot.Launch$.apply(Launch.scala:14)
	at xsbt.boot.Boot$.runImpl(Boot.scala:24)
	at xsbt.boot.Boot$.main(Boot.scala:15)
	at xsbt.boot.Boot.main(Boot.scala)
Error during sbt execution: Error retrieving required libraries
