# project noname (0.0.1) configured on Sun Aug 21 00:55:33 2011 by
# waf 1.5.16 (abi 7, python 20702f0 on darwin)
# using /opt/local/bin/node-waf configure build install
#

----------------------------------------
Checking for program g++ or c++
  find program=['g++', 'c++'] paths=[] var='CXX'
  -> '/usr/bin/g++'

----------------------------------------
Checking for program cpp
  find program=['cpp'] paths=[] var='CPP'
  -> '/usr/bin/cpp'

----------------------------------------
Checking for program ar
  find program=['ar'] paths=[] var='AR'
  -> '/opt/local/x86_64-apple-darwin11.0.0/bin/ar'

----------------------------------------
Checking for program ranlib
  find program=['ranlib'] paths=[] var='RANLIB'
  -> '/opt/local/x86_64-apple-darwin11.0.0/bin/ranlib'

----------------------------------------
Checking for g++ 
ok 

----------------------------------------
Checking for node path 
not found

----------------------------------------
Checking for node prefix 
ok /opt/local
